<?xml version="1.0" encoding="UTF-8"?>
<!-- Generated by org.testng.reporters.JUnitXMLReporter -->
<testsuite ignored="0" hostname="DESKTOP-03NIIQU" failures="1" tests="5" name="Command line test" time="78.154" errors="0" timestamp="2021-07-23T12:02:11 IST">
  <testcase classname="com.screener.qa.testcases.LoginPageTest" name="loginPageTitleTest" time="0.514">
    <skipped/>
  </testcase> <!-- loginPageTitleTest -->
  <testcase classname="com.screener.qa.testcases.LoginPageTest" name="loginPageTitleTest" time="0.034">
    <skipped/>
  </testcase> <!-- loginPageTitleTest -->
  <testcase classname="com.screener.qa.testcases.LoginPageTest" name="loginPageTitleTest" time="0.033">
    <failure type="java.lang.AssertionError" message="Title does not match expected [Login - Screener1234] but found [Login - Screener]">
      <![CDATA[java.lang.AssertionError: Title does not match expected [Login - Screener1234] but found [Login - Screener]
at com.screener.qa.testcases.LoginPageTest.loginPageTitleTest(LoginPageTest.java:77)
at java.base/java.util.ArrayList.forEach(ArrayList.java:1511)
at com.screener.qa.testcases.TestRunnerJAR.main(TestRunnerJAR.java:29)
... Removed 29 stack frames]]>
    </failure>
  </testcase> <!-- loginPageTitleTest -->
  <testcase classname="com.screener.qa.testcases.LoginPageTest" name="screenerImageLogoTest" time="1.712"/>
  <testcase classname="com.screener.qa.testcases.LoginPageTest" name="loginTest" time="2.317"/>
</testsuite> <!-- Command line test -->
