<?xml version="1.0" encoding="UTF-8"?>
<!-- Generated by org.testng.reporters.JUnitXMLReporter -->
<testsuite ignored="0" hostname="DESKTOP-03NIIQU" failures="3" tests="28" name="Different TestNG Feature Test" time="112.99" errors="0" timestamp="2021-07-07T20:27:01 IST">
  <testcase classname="com.testNG.TestNgAnnotations" name="googleTitleTest" time="0.012"/>
  <testcase classname="com.testNG.TestNgAnnotations" name="googleLogoTest" time="0.004"/>
  <testcase classname="com.testNG.TestNgAnnotations" name="searchTest" time="0.007"/>
  <testcase classname="com.testNG.TestNgBasics" name="googleTitleTest" time="0.011"/>
  <testcase classname="com.testNG.TestNgBasics" name="googleLogoTest" time="0.22"/>
  <testcase classname="com.testNG.TestNgBasics" name="searchTest" time="3.546"/>
  <testcase classname="com.testNG.TestNgGroups" name="googleTitleTest" time="0.011"/>
  <testcase classname="com.testNG.TestNgGroups" name="googleLogoTest" time="0.071"/>
  <testcase classname="com.testNG.TestNgGroups" name="searchTest" time="2.841"/>
  <testcase classname="com.testNG.DependsOnMethods" name="loginTest" time="0.002">
    <failure type="java.lang.ArithmeticException" message="/ by zero">
      <![CDATA[java.lang.ArithmeticException: / by zero
at com.testNG.DependsOnMethods.loginTest(DependsOnMethods.java:19)
at java.base/java.util.ArrayList.forEach(ArrayList.java:1511)
... Removed 27 stack frames]]>
    </failure>
  </testcase> <!-- loginTest -->
  <testcase classname="com.testNG.DependsOnMethods" name="homePageTest" time="0.001">
    <skipped/>
  </testcase> <!-- homePageTest -->
  <testcase classname="com.testNG.DependsOnMethods" name="searchPageTest" time="0.002">
    <skipped/>
  </testcase> <!-- searchPageTest -->
  <testcase classname="com.testNG.DependsOnMethods" name="registerPageTest" time="0.001"/>
  <testcase classname="com.testNG.InvocationCount" name="sum" time="0.002"/>
  <testcase classname="com.testNG.InvocationCount" name="sum" time="0.001"/>
  <testcase classname="com.testNG.InvocationCount" name="sum" time="0.002"/>
  <testcase classname="com.testNG.InvocationCount" name="sum" time="0.001"/>
  <testcase classname="com.testNG.InvocationCount" name="sum" time="0.002"/>
  <testcase classname="com.testNG.InvocationCount" name="sum" time="0.009"/>
  <testcase classname="com.testNG.InvocationCount" name="sum" time="0.006"/>
  <testcase classname="com.testNG.InvocationCount" name="sum" time="0.002"/>
  <testcase classname="com.testNG.InvocationCount" name="sum" time="0.002"/>
  <testcase classname="com.testNG.InvocationCount" name="sum" time="0.002"/>
  <testcase classname="com.testNG.TimeOut" name="infiniteLoopTest" time="2.02">
    <failure type="org.testng.internal.thread.ThreadTimeoutException" message="Method com.testNG.TimeOut.infiniteLoopTest() didn&amp;apos;t finish within the time-out 2000">
      <![CDATA[org.testng.internal.thread.ThreadTimeoutException: Method com.testNG.TimeOut.infiniteLoopTest() didn't finish within the time-out 2000
at java.base/java.util.ArrayList.forEach(ArrayList.java:1511)
... Removed 24 stack frames]]>
    </failure>
  </testcase> <!-- infiniteLoopTest -->
  <testcase classname="com.testNG.ExpectedExceptions" name="exceptionTest" time="0.004"/>
  <testcase classname="com.testNG.AssertionOfTestCase" name="googleTitleTest" time="0.027">
    <failure type="java.lang.AssertionError" message="Google page title does not match. expected [Google123] but found [Google]">
      <![CDATA[java.lang.AssertionError: Google page title does not match. expected [Google123] but found [Google]
at com.testNG.AssertionOfTestCase.googleTitleTest(AssertionOfTestCase.java:51)
at java.base/java.util.ArrayList.forEach(ArrayList.java:1511)
... Removed 32 stack frames]]>
    </failure>
  </testcase> <!-- googleTitleTest -->
  <testcase classname="com.testNG.AssertionOfTestCase" name="googleLogoTest" time="0.085"/>
  <testcase classname="com.testNG.AssertionOfTestCase" name="searchTest" time="3.032"/>
</testsuite> <!-- Different TestNG Feature Test -->
