<?xml version="1.0" encoding="UTF-8"?>
<!-- Generated by org.testng.reporters.JUnitXMLReporter -->
<testsuite ignored="0" hostname="DESKTOP-03NIIQU" failures="2" tests="14" name="Screener.in different pages Test" time="123.587" errors="0" timestamp="2021-07-15T16:55:44 IST">
  <testcase classname="com.screener.qa.testcases.LoginPageTest" name="loginPageTitleTest" time="0.234">
    <failure type="java.lang.AssertionError" message="Title does not match expected [Login - Screener1234] but found [Login - Screener]">
      <![CDATA[java.lang.AssertionError: Title does not match expected [Login - Screener1234] but found [Login - Screener]
at com.screener.qa.testcases.LoginPageTest.loginPageTitleTest(LoginPageTest.java:77)
at java.base/java.util.ArrayList.forEach(ArrayList.java:1511)
... Removed 36 stack frames]]>
    </failure>
  </testcase> <!-- loginPageTitleTest -->
  <testcase classname="com.screener.qa.testcases.LoginPageTest" name="screenerImageLogoTest" time="0.17"/>
  <testcase classname="com.screener.qa.testcases.LoginPageTest" name="loginTest" time="1.25"/>
  <testcase classname="com.screener.qa.testcases.HomePageTest" name="validateHomePageTitleTest" time="0.03">
    <failure type="java.lang.AssertionError" message="Home Page title does not match expected [Dashboard - Screener1234] but found [Dashboard - Screener]">
      <![CDATA[java.lang.AssertionError: Home Page title does not match expected [Dashboard - Screener1234] but found [Dashboard - Screener]
at com.screener.qa.testcases.HomePageTest.validateHomePageTitleTest(HomePageTest.java:60)
at java.base/java.util.ArrayList.forEach(ArrayList.java:1511)
... Removed 36 stack frames]]>
    </failure>
  </testcase> <!-- validateHomePageTitleTest -->
  <testcase classname="com.screener.qa.testcases.HomePageTest" name="validateUserNameLabelTest" time="0.085"/>
  <testcase classname="com.screener.qa.testcases.HomePageTest" name="clickOnScreensLinkTest" time="0.24"/>
  <testcase classname="com.screener.qa.testcases.ScreensPageTest" name="validateScreensPageTitleTest" time="0.063"/>
  <testcase classname="com.screener.qa.testcases.ScreensPageTest" name="validateUserNameLabelTest" time="0.112"/>
  <testcase classname="com.screener.qa.testcases.ScreensPageTest" name="validatecreateScreenLinkTextTest" time="0.096"/>
  <testcase classname="com.screener.qa.testcases.ScreensPageTest" name="clickOnCreateScreenLinkTest" time="0.537"/>
  <testcase classname="com.screener.qa.testcases.SignupPageTest" name="signupPageTitleTest" time="0.033"/>
  <testcase classname="com.screener.qa.testcases.SignupPageTest" name="fillCreateAccountFormTest" time="0.485"/>
  <testcase classname="com.screener.qa.testcases.SignupPageTest" name="validateCreateAccountBtnTextTest" time="0.111"/>
  <testcase classname="com.screener.qa.testcases.SignupPageTest" name="searchCompanyFieldEnabledTest" time="0.081"/>
</testsuite> <!-- Screener.in different pages Test -->
