<html>
<head>
<title>TestNG:  Screener.in different pages Test</title>
<link href="../testng.css" rel="stylesheet" type="text/css" />
<link href="../my-testng.css" rel="stylesheet" type="text/css" />

<style type="text/css">
.log { display: none;} 
.stack-trace { display: none;} 
</style>
<script type="text/javascript">
<!--
function flip(e) {
  current = e.style.display;
  if (current == 'block') {
    e.style.display = 'none';
    return 0;
  }
  else {
    e.style.display = 'block';
    return 1;
  }
}

function toggleBox(szDivId, elem, msg1, msg2)
{
  var res = -1;  if (document.getElementById) {
    res = flip(document.getElementById(szDivId));
  }
  else if (document.all) {
    // this is the way old msie versions work
    res = flip(document.all[szDivId]);
  }
  if(elem) {
    if(res == 0) elem.innerHTML = msg1; else elem.innerHTML = msg2;
  }

}

function toggleAllBoxes() {
  if (document.getElementsByTagName) {
    d = document.getElementsByTagName('div');
    for (i = 0; i < d.length; i++) {
      if (d[i].className == 'log') {
        flip(d[i]);
      }
    }
  }
}

// -->
</script>

</head>
<body>
<h2 align='center'>Screener.in different pages Test</h2><table border='1' align="center">
<tr>
<td>Tests passed/Failed/Skipped:</td><td>12/2/0</td>
</tr><tr>
<td>Started on:</td><td>Thu Jul 15 16:53:40 IST 2021</td>
</tr>
<tr><td>Total time:</td><td>123 seconds (123587 ms)</td>
</tr><tr>
<td>Included groups:</td><td></td>
</tr><tr>
<td>Excluded groups:</td><td></td>
</tr>
</table><p/>
<small><i>(Hover the method name to see the test class name)</i></small><p/>
<table width='100%' border='1' class='invocation-failed'>
<tr><td colspan='4' align='center'><b>FAILED TESTS</b></td></tr>
<tr><td><b>Test method</b></td>
<td width="30%"><b>Exception</b></td>
<td width="10%"><b>Time (seconds)</b></td>
<td><b>Instance</b></td>
</tr>
<tr>
<td title='com.screener.qa.testcases.LoginPageTest.loginPageTitleTest()'><b>loginPageTitleTest</b><br>Test class: com.screener.qa.testcases.LoginPageTest<br>Test method: Verifying login page title.<br>Parameters: public void com.screener.qa.testcases.LoginPageTest.loginPageTitleTest(java.lang.reflect.Method)</td>
<td><div><pre>java.lang.AssertionError: Title does not match expected [Login - Screener1234] but found [Login - Screener]
	at com.screener.qa.testcases.LoginPageTest.loginPageTitleTest(LoginPageTest.java:77)
	at java.base/java.util.ArrayList.forEach(ArrayList.java:1511)
... Removed 36 stack frames</pre></div><a href='#' onClick='toggleBox("stack-trace1993076243", this, "Click to show all stack frames", "Click to hide stack frames")'>Click to show all stack frames</a>
<div class='stack-trace' id='stack-trace1993076243'><pre>java.lang.AssertionError: Title does not match expected [Login - Screener1234] but found [Login - Screener]
	at org.testng.Assert.fail(Assert.java:99)
	at org.testng.Assert.failNotEquals(Assert.java:1037)
	at org.testng.Assert.assertEqualsImpl(Assert.java:140)
	at org.testng.Assert.assertEquals(Assert.java:122)
	at org.testng.Assert.assertEquals(Assert.java:629)
	at com.screener.qa.testcases.LoginPageTest.loginPageTitleTest(LoginPageTest.java:77)
	at java.base/jdk.internal.reflect.NativeMethodAccessorImpl.invoke0(Native Method)
	at java.base/jdk.internal.reflect.NativeMethodAccessorImpl.invoke(NativeMethodAccessorImpl.java:78)
	at java.base/jdk.internal.reflect.DelegatingMethodAccessorImpl.invoke(DelegatingMethodAccessorImpl.java:43)
	at java.base/java.lang.reflect.Method.invoke(Method.java:567)
	at org.testng.internal.MethodInvocationHelper.invokeMethod(MethodInvocationHelper.java:133)
	at org.testng.internal.TestInvoker.invokeMethod(TestInvoker.java:598)
	at org.testng.internal.TestInvoker.invokeTestMethod(TestInvoker.java:173)
	at org.testng.internal.MethodRunner.runInSequence(MethodRunner.java:46)
	at org.testng.internal.TestInvoker$MethodInvocationAgent.invoke(TestInvoker.java:824)
	at org.testng.internal.TestInvoker.invokeTestMethods(TestInvoker.java:146)
	at org.testng.internal.TestMethodWorker.invokeTestMethods(TestMethodWorker.java:146)
	at org.testng.internal.TestMethodWorker.run(TestMethodWorker.java:128)
	at java.base/java.util.ArrayList.forEach(ArrayList.java:1511)
	at org.testng.TestRunner.privateRun(TestRunner.java:794)
	at org.testng.TestRunner.run(TestRunner.java:596)
	at org.testng.SuiteRunner.runTest(SuiteRunner.java:377)
	at org.testng.SuiteRunner.runSequentially(SuiteRunner.java:371)
	at org.testng.SuiteRunner.privateRun(SuiteRunner.java:332)
	at org.testng.SuiteRunner.run(SuiteRunner.java:276)
	at org.testng.SuiteRunnerWorker.runSuite(SuiteRunnerWorker.java:53)
	at org.testng.SuiteRunnerWorker.run(SuiteRunnerWorker.java:96)
	at org.testng.TestNG.runSuitesSequentially(TestNG.java:1212)
	at org.testng.TestNG.runSuitesLocally(TestNG.java:1134)
	at org.testng.TestNG.runSuites(TestNG.java:1063)
	at org.testng.TestNG.run(TestNG.java:1031)
	at org.apache.maven.surefire.testng.TestNGExecutor.run(TestNGExecutor.java:284)
	at org.apache.maven.surefire.testng.TestNGXmlTestSuite.execute(TestNGXmlTestSuite.java:75)
	at org.apache.maven.surefire.testng.TestNGProvider.invoke(TestNGProvider.java:119)
	at org.apache.maven.surefire.booter.ForkedBooter.runSuitesInProcess(ForkedBooter.java:428)
	at org.apache.maven.surefire.booter.ForkedBooter.execute(ForkedBooter.java:162)
	at org.apache.maven.surefire.booter.ForkedBooter.run(ForkedBooter.java:562)
	at org.apache.maven.surefire.booter.ForkedBooter.main(ForkedBooter.java:548)
</pre></div></td>
<td>0</td>
<td>com.screener.qa.testcases.LoginPageTest@31f295b6</td></tr>
<tr>
<td title='com.screener.qa.testcases.HomePageTest.validateHomePageTitleTest()'><b>validateHomePageTitleTest</b><br>Test class: com.screener.qa.testcases.HomePageTest<br>Test method: Verifying Home page title.<br>Parameters: public void com.screener.qa.testcases.HomePageTest.validateHomePageTitleTest(java.lang.reflect.Method)</td>
<td><div><pre>java.lang.AssertionError: Home Page title does not match expected [Dashboard - Screener1234] but found [Dashboard - Screener]
	at com.screener.qa.testcases.HomePageTest.validateHomePageTitleTest(HomePageTest.java:60)
	at java.base/java.util.ArrayList.forEach(ArrayList.java:1511)
... Removed 36 stack frames</pre></div><a href='#' onClick='toggleBox("stack-trace1834816004", this, "Click to show all stack frames", "Click to hide stack frames")'>Click to show all stack frames</a>
<div class='stack-trace' id='stack-trace1834816004'><pre>java.lang.AssertionError: Home Page title does not match expected [Dashboard - Screener1234] but found [Dashboard - Screener]
	at org.testng.Assert.fail(Assert.java:99)
	at org.testng.Assert.failNotEquals(Assert.java:1037)
	at org.testng.Assert.assertEqualsImpl(Assert.java:140)
	at org.testng.Assert.assertEquals(Assert.java:122)
	at org.testng.Assert.assertEquals(Assert.java:629)
	at com.screener.qa.testcases.HomePageTest.validateHomePageTitleTest(HomePageTest.java:60)
	at java.base/jdk.internal.reflect.NativeMethodAccessorImpl.invoke0(Native Method)
	at java.base/jdk.internal.reflect.NativeMethodAccessorImpl.invoke(NativeMethodAccessorImpl.java:78)
	at java.base/jdk.internal.reflect.DelegatingMethodAccessorImpl.invoke(DelegatingMethodAccessorImpl.java:43)
	at java.base/java.lang.reflect.Method.invoke(Method.java:567)
	at org.testng.internal.MethodInvocationHelper.invokeMethod(MethodInvocationHelper.java:133)
	at org.testng.internal.TestInvoker.invokeMethod(TestInvoker.java:598)
	at org.testng.internal.TestInvoker.invokeTestMethod(TestInvoker.java:173)
	at org.testng.internal.MethodRunner.runInSequence(MethodRunner.java:46)
	at org.testng.internal.TestInvoker$MethodInvocationAgent.invoke(TestInvoker.java:824)
	at org.testng.internal.TestInvoker.invokeTestMethods(TestInvoker.java:146)
	at org.testng.internal.TestMethodWorker.invokeTestMethods(TestMethodWorker.java:146)
	at org.testng.internal.TestMethodWorker.run(TestMethodWorker.java:128)
	at java.base/java.util.ArrayList.forEach(ArrayList.java:1511)
	at org.testng.TestRunner.privateRun(TestRunner.java:794)
	at org.testng.TestRunner.run(TestRunner.java:596)
	at org.testng.SuiteRunner.runTest(SuiteRunner.java:377)
	at org.testng.SuiteRunner.runSequentially(SuiteRunner.java:371)
	at org.testng.SuiteRunner.privateRun(SuiteRunner.java:332)
	at org.testng.SuiteRunner.run(SuiteRunner.java:276)
	at org.testng.SuiteRunnerWorker.runSuite(SuiteRunnerWorker.java:53)
	at org.testng.SuiteRunnerWorker.run(SuiteRunnerWorker.java:96)
	at org.testng.TestNG.runSuitesSequentially(TestNG.java:1212)
	at org.testng.TestNG.runSuitesLocally(TestNG.java:1134)
	at org.testng.TestNG.runSuites(TestNG.java:1063)
	at org.testng.TestNG.run(TestNG.java:1031)
	at org.apache.maven.surefire.testng.TestNGExecutor.run(TestNGExecutor.java:284)
	at org.apache.maven.surefire.testng.TestNGXmlTestSuite.execute(TestNGXmlTestSuite.java:75)
	at org.apache.maven.surefire.testng.TestNGProvider.invoke(TestNGProvider.java:119)
	at org.apache.maven.surefire.booter.ForkedBooter.runSuitesInProcess(ForkedBooter.java:428)
	at org.apache.maven.surefire.booter.ForkedBooter.execute(ForkedBooter.java:162)
	at org.apache.maven.surefire.booter.ForkedBooter.run(ForkedBooter.java:562)
	at org.apache.maven.surefire.booter.ForkedBooter.main(ForkedBooter.java:548)
</pre></div></td>
<td>0</td>
<td>com.screener.qa.testcases.HomePageTest@664212ab</td></tr>
</table><p>
<table width='100%' border='1' class='invocation-passed'>
<tr><td colspan='4' align='center'><b>PASSED TESTS</b></td></tr>
<tr><td><b>Test method</b></td>
<td width="30%"><b>Exception</b></td>
<td width="10%"><b>Time (seconds)</b></td>
<td><b>Instance</b></td>
</tr>
<tr>
<td title='com.screener.qa.testcases.ScreensPageTest.validateUserNameLabelTest()'><b>validateUserNameLabelTest</b><br>Test class: com.screener.qa.testcases.ScreensPageTest<br>Test method: Verifying username label on screens page.<br>Parameters: public void com.screener.qa.testcases.ScreensPageTest.validateUserNameLabelTest(java.lang.reflect.Method)</td>
<td></td>
<td>0</td>
<td>com.screener.qa.testcases.ScreensPageTest@7ccfdaef</td></tr>
<tr>
<td title='com.screener.qa.testcases.HomePageTest.clickOnScreensLinkTest()'><b>clickOnScreensLinkTest</b><br>Test class: com.screener.qa.testcases.HomePageTest<br>Test method: Verifying click on screens link on home page.<br>Parameters: public void com.screener.qa.testcases.HomePageTest.clickOnScreensLinkTest(java.lang.reflect.Method)</td>
<td></td>
<td>0</td>
<td>com.screener.qa.testcases.HomePageTest@664212ab</td></tr>
<tr>
<td title='com.screener.qa.testcases.ScreensPageTest.validatecreateScreenLinkTextTest()'><b>validatecreateScreenLinkTextTest</b><br>Test class: com.screener.qa.testcases.ScreensPageTest<br>Test method: Verifying create screen link text on screens page.<br>Parameters: public void com.screener.qa.testcases.ScreensPageTest.validatecreateScreenLinkTextTest(java.lang.reflect.Method)</td>
<td></td>
<td>0</td>
<td>com.screener.qa.testcases.ScreensPageTest@7ccfdaef</td></tr>
<tr>
<td title='com.screener.qa.testcases.ScreensPageTest.clickOnCreateScreenLinkTest()'><b>clickOnCreateScreenLinkTest</b><br>Test class: com.screener.qa.testcases.ScreensPageTest<br>Test method: click on create screen link on screens page.<br>Parameters: public void com.screener.qa.testcases.ScreensPageTest.clickOnCreateScreenLinkTest(java.lang.reflect.Method)</td>
<td></td>
<td>0</td>
<td>com.screener.qa.testcases.ScreensPageTest@7ccfdaef</td></tr>
<tr>
<td title='com.screener.qa.testcases.ScreensPageTest.validateScreensPageTitleTest()'><b>validateScreensPageTitleTest</b><br>Test class: com.screener.qa.testcases.ScreensPageTest<br>Test method: Verifying title of screens page.<br>Parameters: public void com.screener.qa.testcases.ScreensPageTest.validateScreensPageTitleTest(java.lang.reflect.Method)</td>
<td></td>
<td>0</td>
<td>com.screener.qa.testcases.ScreensPageTest@7ccfdaef</td></tr>
<tr>
<td title='com.screener.qa.testcases.SignupPageTest.searchCompanyFieldEnabledTest()'><b>searchCompanyFieldEnabledTest</b><br>Test class: com.screener.qa.testcases.SignupPageTest<br>Test method: verifying search company input field is enabled on signup page.<br>Parameters: public void com.screener.qa.testcases.SignupPageTest.searchCompanyFieldEnabledTest(java.lang.reflect.Method)</td>
<td></td>
<td>0</td>
<td>com.screener.qa.testcases.SignupPageTest@a6e4897</td></tr>
<tr>
<td title='com.screener.qa.testcases.SignupPageTest.fillCreateAccountFormTest()'><b>fillCreateAccountFormTest</b><br>Test class: com.screener.qa.testcases.SignupPageTest<br>Test method: filling create account form on signup page.<br>Parameters: public void com.screener.qa.testcases.SignupPageTest.fillCreateAccountFormTest(java.lang.reflect.Method)</td>
<td></td>
<td>0</td>
<td>com.screener.qa.testcases.SignupPageTest@a6e4897</td></tr>
<tr>
<td title='com.screener.qa.testcases.LoginPageTest.screenerImageLogoTest()'><b>screenerImageLogoTest</b><br>Test class: com.screener.qa.testcases.LoginPageTest<br>Test method: Verifying screener logo on Login page.<br>Parameters: public void com.screener.qa.testcases.LoginPageTest.screenerImageLogoTest(java.lang.reflect.Method)</td>
<td></td>
<td>0</td>
<td>com.screener.qa.testcases.LoginPageTest@31f295b6</td></tr>
<tr>
<td title='com.screener.qa.testcases.HomePageTest.validateUserNameLabelTest()'><b>validateUserNameLabelTest</b><br>Test class: com.screener.qa.testcases.HomePageTest<br>Test method: Verifying username label on home page.<br>Parameters: public void com.screener.qa.testcases.HomePageTest.validateUserNameLabelTest(java.lang.reflect.Method)</td>
<td></td>
<td>0</td>
<td>com.screener.qa.testcases.HomePageTest@664212ab</td></tr>
<tr>
<td title='com.screener.qa.testcases.SignupPageTest.signupPageTitleTest()'><b>signupPageTitleTest</b><br>Test class: com.screener.qa.testcases.SignupPageTest<br>Test method: Verifying title of signup page.<br>Parameters: public void com.screener.qa.testcases.SignupPageTest.signupPageTitleTest(java.lang.reflect.Method)</td>
<td></td>
<td>0</td>
<td>com.screener.qa.testcases.SignupPageTest@a6e4897</td></tr>
<tr>
<td title='com.screener.qa.testcases.LoginPageTest.loginTest()'><b>loginTest</b><br>Test class: com.screener.qa.testcases.LoginPageTest<br>Test method: Logging in by filling correct username & password<br>Parameters: public void com.screener.qa.testcases.LoginPageTest.loginTest(java.lang.reflect.Method)</td>
<td></td>
<td>1</td>
<td>com.screener.qa.testcases.LoginPageTest@31f295b6</td></tr>
<tr>
<td title='com.screener.qa.testcases.SignupPageTest.validateCreateAccountBtnTextTest()'><b>validateCreateAccountBtnTextTest</b><br>Test class: com.screener.qa.testcases.SignupPageTest<br>Test method: verifying create account button text on signup page.<br>Parameters: public void com.screener.qa.testcases.SignupPageTest.validateCreateAccountBtnTextTest(java.lang.reflect.Method)</td>
<td></td>
<td>0</td>
<td>com.screener.qa.testcases.SignupPageTest@a6e4897</td></tr>
</table><p>
</body>
</html>